-------------------------------------------------------------------------------
Test set: TestSuite
-------------------------------------------------------------------------------
Tests run: 2, Failures: 1, Errors: 0, Skipped: 0, Time elapsed: 58.738 s <<< FAILURE! - in TestSuite
cucumberOptions.TestNGTestRunner.runScenario["Search experience for product search in both home and offers page", "Optional[Search and place the order for Products]"](2)  Time elapsed: 53.041 s  <<< FAILURE!
java.lang.AssertionError: expected [Beetroot] but found [No data]

